<?xml version="1.0" encoding="UTF-8"?>
<!-- Generated by org.testng.reporters.JUnitXMLReporter -->
<testsuite ignored="0" hostname="BIKASHS-WIN10" failures="1" tests="7" name="Surefire test" time="0.069" errors="0" timestamp="2025-02-14T15:31:51 IST">
  <testcase classname="com.bksoft.testngpractice.Test1" name="test1" time="0.002"/>
  <testcase classname="com.bksoft.testngpractice.Test1" name="test2" time="0.0"/>
  <testcase classname="com.bksoft.testngpractice.Test1" name="test3" time="0.001"/>
  <testcase classname="com.bksoft.testngpractice.Test2" name="test1" time="0.002"/>
  <testcase classname="com.bksoft.testngpractice.Test2" name="test2" time="0.0"/>
  <testcase classname="com.bksoft.testngpractice.Test2" name="test3" time="0.0"/>
  <testcase classname="com.bksoft.utilities.FluentWaitTest" name="clickAndWait" time="0.0">
    <failure type="org.testng.TestNGException" message="
Parameter &amp;apos;appURL&amp;apos; is required by @Test on method clickAndWait but has not been marked @Optional or defined
">
      <![CDATA[org.testng.TestNGException: 
Parameter 'appURL' is required by @Test on method clickAndWait but has not been marked @Optional or defined

at java.base/java.util.ArrayList.forEach(ArrayList.java:1511)
... Removed 31 stack frames]]>
    </failure>
  </testcase> <!-- clickAndWait -->
</testsuite> <!-- Surefire test -->
